c:\ds2dev\ds2lm\ds2lm\x64\release\vc142.pdb
c:\ds2dev\ds2lm\ds2lm\x64\release\trampoline.obj
c:\ds2dev\ds2lm\ds2lm\x64\release\hook.obj
c:\ds2dev\ds2lm\ds2lm\x64\release\hde64.obj
c:\ds2dev\ds2lm\ds2lm\x64\release\hde32.obj
c:\ds2dev\ds2lm\ds2lm\x64\release\buffer.obj
c:\ds2dev\ds2lm\ds2lm\x64\release\ds2lm.pch
c:\ds2dev\ds2lm\ds2lm\x64\release\pch.obj
c:\ds2dev\ds2lm\ds2lm\x64\release\dllmain.obj
c:\ds2dev\ds2lm\ds2lm\x64\release\ds2lm.obj
c:\ds2dev\ds2lm\x64\release\ds2lm.ipdb
c:\ds2dev\ds2lm\x64\release\ds2lm.iobj
c:\ds2dev\ds2lm\x64\release\ds2lm.dll
c:\ds2dev\ds2lm\x64\release\ds2lm.pdb
c:\ds2dev\ds2lm\ds2lm\x64\release\ds2lm.tlog\cl.command.1.tlog
c:\ds2dev\ds2lm\ds2lm\x64\release\ds2lm.tlog\cl.read.1.tlog
c:\ds2dev\ds2lm\ds2lm\x64\release\ds2lm.tlog\cl.write.1.tlog
c:\ds2dev\ds2lm\ds2lm\x64\release\ds2lm.tlog\ds2lm.write.1u.tlog
c:\ds2dev\ds2lm\ds2lm\x64\release\ds2lm.tlog\link.command.1.tlog
c:\ds2dev\ds2lm\ds2lm\x64\release\ds2lm.tlog\link.read.1.tlog
c:\ds2dev\ds2lm\ds2lm\x64\release\ds2lm.tlog\link.write.1.tlog
